Build started 6/23/2011 4:15:34 AM.
     1>Project "C:\HandsInAir6\worker\worker.vcxproj" on node 2 (build target(s)).
     1>InitializeBuildStatus:
         Creating "Debug\worker.unsuccessfulbuild" because "AlwaysCreate" was specified.
       ClCompile:
         All outputs are up-to-date.
         C:\Program Files\Microsoft Visual Studio 10.0\VC\bin\CL.exe /c /ZI /nologo /W3 /WX- /Od /Oy- /D WIN32 /D _DEBUG /D _CONSOLE /D _UNICODE /D UNICODE /D _AFXDLL /Gm /EHsc /RTC1 /MDd /GS /fp:precise /Zc:wchar_t /Zc:forScope /Yu"StdAfx.h" /Fp"Debug\worker.pch" /Fo"Debug\\" /Fd"Debug\vc100.pdb" /Gd /TP /analyze- /errorReport:prompt worker.cpp
         worker.cpp
     1>c:\opencv2.2\include\opencv2\flann\logger.h(66): warning C4996: 'fopen': This function or variable may be unsafe. Consider using fopen_s instead. To disable deprecation, use _CRT_SECURE_NO_WARNINGS. See online help for details.
                 c:\program files\microsoft visual studio 10.0\vc\include\stdio.h(234) : see declaration of 'fopen'
     1>c:\opencv2.2\include\opencv2\legacy\blobtrack.hpp(187): warning C4996: 'strcpy': This function or variable may be unsafe. Consider using strcpy_s instead. To disable deprecation, use _CRT_SECURE_NO_WARNINGS. See online help for details.
                 c:\program files\microsoft visual studio 10.0\vc\include\string.h(105) : see declaration of 'strcpy'
     1>c:\opencv2.2\include\opencv2\legacy\blobtrack.hpp(256): warning C4996: 'strcat': This function or variable may be unsafe. Consider using strcat_s instead. To disable deprecation, use _CRT_SECURE_NO_WARNINGS. See online help for details.
                 c:\program files\microsoft visual studio 10.0\vc\include\string.h(110) : see declaration of 'strcat'
     1>c:\libjpeg-turbo\include\jmorecfg.h(216): warning C4005: 'FAR' : macro redefinition
                 c:\program files\microsoft sdks\windows\v7.0a\include\windef.h(146) : see previous definition of 'FAR'
     1>c:\handsinair6\worker\jpeg.h(26): warning C4244: 'initializing' : conversion from 'std::streamsize' to 'size_t', possible loss of data
     1>c:\handsinair6\worker\worker.cpp(53): warning C4244: 'argument' : conversion from 'const double' to 'int', possible loss of data
     1>c:\handsinair6\worker\worker.cpp(53): warning C4244: 'argument' : conversion from 'const double' to 'int', possible loss of data
     1>c:\handsinair6\worker\worker.cpp(140): warning C4018: '<' : signed/unsigned mismatch
     1>c:\handsinair6\worker\worker.cpp(169): warning C4244: 'initializing' : conversion from 'const double' to 'int', possible loss of data
     1>c:\handsinair6\worker\worker.cpp(170): warning C4244: 'initializing' : conversion from 'const double' to 'int', possible loss of data
     1>c:\handsinair6\worker\worker.cpp(194): warning C4244: '+=' : conversion from 'double' to 'time_t', possible loss of data
     1>c:\handsinair6\worker\worker.cpp(498): warning C4244: 'initializing' : conversion from 'double' to 'time_t', possible loss of data
       ManifestResourceCompile:
         All outputs are up-to-date.
       Link:
         C:\Program Files\Microsoft Visual Studio 10.0\VC\bin\link.exe /ERRORREPORT:PROMPT /OUT:"C:\HandsInAir6\Debug\worker.exe" /INCREMENTAL /NOLOGO "C:\libjpeg-turbo\lib\jpeg.lib" C:\OpenCV2.2\lib\opencv_core220d.lib C:\OpenCV2.2\lib\opencv_highgui220d.lib C:\OpenCV2.2\lib\opencv_video220d.lib C:\OpenCV2.2\lib\opencv_ml220d.lib C:\OpenCV2.2\lib\opencv_legacy220d.lib C:\OpenCV2.2\lib\opencv_imgproc220d.lib C:\OpenCV2.2\lib\opencv_contrib220d.lib ws2_32.lib /MANIFEST /ManifestFile:"Debug\worker.exe.intermediate.manifest" /MANIFESTUAC:"level='asInvoker' uiAccess='false'" /DEBUG /PDB:"C:\HandsInAir6\Debug\worker.pdb" /SUBSYSTEM:CONSOLE /TLBID:1 /DYNAMICBASE /NXCOMPAT /IMPLIB:"C:\HandsInAir6\Debug\worker.lib" /MACHINE:X86 /PROFILE Debug\worker.exe.embed.manifest.res
         Debug\jpeg.obj
         Debug\SharedBuffer.obj
         Debug\stdafx.obj
         Debug\worker.obj
     1>LINK : warning LNK4075: ignoring '/INCREMENTAL' due to '/PROFILE' specification
     1>jpeg.obj : warning LNK4075: ignoring '/EDITANDCONTINUE' due to '/OPT:REF' specification
       Manifest:
         C:\Program Files\Microsoft SDKs\Windows\v7.0A\bin\mt.exe /nologo /verbose /out:"Debug\worker.exe.embed.manifest" /manifest Debug\worker.exe.intermediate.manifest "C:\Program Files\Microsoft Visual Studio 10.0\VC\Include\Manifest\dpiaware.manifest"
         All outputs are up-to-date.
       LinkEmbedManifest:
         All outputs are up-to-date.
         worker.vcxproj -> C:\HandsInAir6\Debug\worker.exe
       FinalizeBuildStatus:
         Deleting file "Debug\worker.unsuccessfulbuild".
         Touching "Debug\worker.lastbuildstate".
     1>Done Building Project "C:\HandsInAir6\worker\worker.vcxproj" (build target(s)).

Build succeeded.

Time Elapsed 00:00:45.53
