D:\CSIRO\HANDSINAIR5\DEBUG\WORKER.EXE
D:\CSIRO\HANDSINAIR5\DEBUG\WORKER.PDB
D:\CSIRO\HandsInAir5\worker\Debug\cl.command.1.tlog
D:\CSIRO\HandsInAir5\worker\Debug\CL.read.1.tlog
D:\CSIRO\HandsInAir5\worker\Debug\CL.write.1.tlog
D:\CSIRO\HANDSINAIR5\WORKER\DEBUG\JPEG.OBJ
D:\CSIRO\HandsInAir5\worker\Debug\link.command.1.tlog
D:\CSIRO\HandsInAir5\worker\Debug\link.read.1.tlog
D:\CSIRO\HandsInAir5\worker\Debug\link.write.1.tlog
D:\CSIRO\HandsInAir5\worker\Debug\link-cvtres.read.1.tlog
D:\CSIRO\HandsInAir5\worker\Debug\link-cvtres.write.1.tlog
D:\CSIRO\HandsInAir5\worker\Debug\mt.command.1.tlog
D:\CSIRO\HandsInAir5\worker\Debug\mt.read.1.tlog
D:\CSIRO\HandsInAir5\worker\Debug\mt.write.1.tlog
D:\CSIRO\HandsInAir5\worker\Debug\rc.command.1.tlog
D:\CSIRO\HandsInAir5\worker\Debug\rc.read.1.tlog
D:\CSIRO\HandsInAir5\worker\Debug\rc.write.1.tlog
D:\CSIRO\HANDSINAIR5\WORKER\DEBUG\SHAREDBUFFER.OBJ
D:\CSIRO\HANDSINAIR5\WORKER\DEBUG\STDAFX.OBJ
D:\CSIRO\HandsInAir5\worker\Debug\vc100.idb
D:\CSIRO\HANDSINAIR5\WORKER\DEBUG\VC100.PDB
D:\CSIRO\HANDSINAIR5\WORKER\DEBUG\WORKER.EXE.EMBED.MANIFEST
D:\CSIRO\HANDSINAIR5\WORKER\DEBUG\WORKER.EXE.EMBED.MANIFEST.RES
D:\CSIRO\HANDSINAIR5\WORKER\DEBUG\WORKER.EXE.INTERMEDIATE.MANIFEST
D:\CSIRO\HANDSINAIR5\WORKER\DEBUG\WORKER.OBJ
D:\CSIRO\HANDSINAIR5\WORKER\DEBUG\WORKER.PCH
D:\CSIRO\HandsInAir5\worker\Debug\worker_manifest.rc
