D:\CSIRO\HANDSINAIR5\DEBUG\HELPER.EXE
D:\CSIRO\HANDSINAIR5\DEBUG\HELPER.ILK
D:\CSIRO\HANDSINAIR5\DEBUG\HELPER.PDB
D:\CSIRO\HandsInAir5\helper\Debug\cl.command.1.tlog
D:\CSIRO\HandsInAir5\helper\Debug\CL.read.1.tlog
D:\CSIRO\HandsInAir5\helper\Debug\CL.write.1.tlog
D:\CSIRO\HANDSINAIR5\HELPER\DEBUG\HELPER.EXE.EMBED.MANIFEST
D:\CSIRO\HANDSINAIR5\HELPER\DEBUG\HELPER.EXE.EMBED.MANIFEST.RES
D:\CSIRO\HANDSINAIR5\HELPER\DEBUG\HELPER.EXE.INTERMEDIATE.MANIFEST
D:\CSIRO\HANDSINAIR5\HELPER\DEBUG\HELPER.OBJ
D:\CSIRO\HANDSINAIR5\HELPER\DEBUG\HELPER.PCH
D:\CSIRO\HandsInAir5\helper\Debug\helper_manifest.rc
D:\CSIRO\HANDSINAIR5\HELPER\DEBUG\JPEG.OBJ
D:\CSIRO\HandsInAir5\helper\Debug\link.2892.read.1.tlog
D:\CSIRO\HandsInAir5\helper\Debug\link.2892.write.1.tlog
D:\CSIRO\HandsInAir5\helper\Debug\link.2892-cvtres.read.1.tlog
D:\CSIRO\HandsInAir5\helper\Debug\link.2892-cvtres.write.1.tlog
D:\CSIRO\HandsInAir5\helper\Debug\link.command.1.tlog
D:\CSIRO\HandsInAir5\helper\Debug\link.read.1.tlog
D:\CSIRO\HandsInAir5\helper\Debug\link.write.1.tlog
D:\CSIRO\HandsInAir5\helper\Debug\link-cvtres.read.1.tlog
D:\CSIRO\HandsInAir5\helper\Debug\link-cvtres.write.1.tlog
D:\CSIRO\HandsInAir5\helper\Debug\mt.command.1.tlog
D:\CSIRO\HandsInAir5\helper\Debug\mt.read.1.tlog
D:\CSIRO\HandsInAir5\helper\Debug\mt.write.1.tlog
D:\CSIRO\HandsInAir5\helper\Debug\rc.command.1.tlog
D:\CSIRO\HandsInAir5\helper\Debug\rc.read.1.tlog
D:\CSIRO\HandsInAir5\helper\Debug\rc.write.1.tlog
D:\CSIRO\HANDSINAIR5\HELPER\DEBUG\SHAREDBUFFER.OBJ
D:\CSIRO\HANDSINAIR5\HELPER\DEBUG\STDAFX.OBJ
D:\CSIRO\HandsInAir5\helper\Debug\vc100.idb
D:\CSIRO\HANDSINAIR5\HELPER\DEBUG\VC100.PDB
